<testsuite failures="1" name="src/test/java/com/wellsfargo/featurefiles/karate24_kafka3.feature" skipped="0" tests="8" time="2.671157">
  <testcase classname="src.test.java.com.wellsfargo.featurefiles.karate24_kafka3" name="Creating Consumer" time="1.211863">
    <failure message="karate24_kafka3.feature:20 - status code was: 409, expected: 200, response time: 99, url: http://10.0.0.60:8082/consumers/my-consumer-group, response: {&quot;error_code&quot;:40902,&quot;message&quot;:&quot;Consumer with specified consumer ID already exists in the specified consumer group.&quot;}">Given url "http://10.0.0.60:8082" ......................................... passed
Given path "/consumers/my-consumer-group" ................................. passed
And request ............................................................... passed
And header Content-Type = "application/vnd.kafka.json.v2+json" ............ passed
When method post .......................................................... passed
Then status 200 ........................................................... failed

Stack Trace:
com.intuit.karate.exception.KarateException: karate24_kafka3.feature:20 - status code was: 409, expected: 200, response time: 99, url: http://10.0.0.60:8082/consumers/my-consumer-group, response: {"error_code":40902,"message":"Consumer with specified consumer ID already exists in the specified consumer group."}&#13;
	at ✽.Then status 200 (karate24_kafka3.feature:20)&#13;

* print response .......................................................... skipped
* match response.instance_id == "trainer_consumer" ........................ skipped
* def consumer_url = response.base_uri .................................... skipped
* print consumer_url ...................................................... skipped</failure>
  </testcase>
  <testcase classname="src.test.java.com.wellsfargo.featurefiles.karate24_kafka3" name="Subscribing to topic" time="0.046745">
    <system-out>Given url "http://10.0.0.60:8082" ......................................... passed
Given path "/consumers/my-consumer-group" ................................. passed
And request ............................................................... passed
And header Content-Type = "application/vnd.kafka.json.v2+json" ............ passed
When method post .......................................................... passed
Then status 200 ........................................................... failed

Stack Trace:
com.intuit.karate.exception.KarateException: karate24_kafka3.feature:20 - status code was: 409, expected: 200, response time: 99, url: http://10.0.0.60:8082/consumers/my-consumer-group, response: {"error_code":40902,"message":"Consumer with specified consumer ID already exists in the specified consumer group."}&#13;
	at ✽.Then status 200 (karate24_kafka3.feature:20)&#13;

* print response .......................................................... skipped
* match response.instance_id == "trainer_consumer" ........................ skipped
* def consumer_url = response.base_uri .................................... skipped
* print consumer_url ...................................................... skipped
Given url "http://10.0.0.60:8082" ......................................... passed
Given path "/consumers/my-consumer-group/instances/trainer_consumer/subscription" . passed
And request ............................................................... passed
And header Content-Type = "application/vnd.kafka.v2+json" ................. passed
When method post .......................................................... passed
Then status 204 ........................................................... passed</system-out>
  </testcase>
  <testcase classname="src.test.java.com.wellsfargo.featurefiles.karate24_kafka3" name="Getting Subscription" time="0.117457">
    <system-out>Given url "http://10.0.0.60:8082" ......................................... passed
Given path "/consumers/my-consumer-group" ................................. passed
And request ............................................................... passed
And header Content-Type = "application/vnd.kafka.json.v2+json" ............ passed
When method post .......................................................... passed
Then status 200 ........................................................... failed

Stack Trace:
com.intuit.karate.exception.KarateException: karate24_kafka3.feature:20 - status code was: 409, expected: 200, response time: 99, url: http://10.0.0.60:8082/consumers/my-consumer-group, response: {"error_code":40902,"message":"Consumer with specified consumer ID already exists in the specified consumer group."}&#13;
	at ✽.Then status 200 (karate24_kafka3.feature:20)&#13;

* print response .......................................................... skipped
* match response.instance_id == "trainer_consumer" ........................ skipped
* def consumer_url = response.base_uri .................................... skipped
* print consumer_url ...................................................... skipped
Given url "http://10.0.0.60:8082" ......................................... passed
Given path "/consumers/my-consumer-group/instances/trainer_consumer/subscription" . passed
And request ............................................................... passed
And header Content-Type = "application/vnd.kafka.v2+json" ................. passed
When method post .......................................................... passed
Then status 204 ........................................................... passed
Given url "http://10.0.0.60:8082" ......................................... passed
Given path "/consumers/my-consumer-group/instances/trainer_consumer/subscription" . passed
And header Accept = "application/vnd.kafka.v2+json" ....................... passed
When method get ........................................................... passed
Then status 200 ........................................................... passed
* print response .......................................................... passed
* assert response.topics[0] == "trainer_topic" ............................ passed</system-out>
  </testcase>
  <testcase classname="src.test.java.com.wellsfargo.featurefiles.karate24_kafka3" name="Getting Subscription records" time="1.065062">
    <system-out>Given url "http://10.0.0.60:8082" ......................................... passed
Given path "/consumers/my-consumer-group" ................................. passed
And request ............................................................... passed
And header Content-Type = "application/vnd.kafka.json.v2+json" ............ passed
When method post .......................................................... passed
Then status 200 ........................................................... failed

Stack Trace:
com.intuit.karate.exception.KarateException: karate24_kafka3.feature:20 - status code was: 409, expected: 200, response time: 99, url: http://10.0.0.60:8082/consumers/my-consumer-group, response: {"error_code":40902,"message":"Consumer with specified consumer ID already exists in the specified consumer group."}&#13;
	at ✽.Then status 200 (karate24_kafka3.feature:20)&#13;

* print response .......................................................... skipped
* match response.instance_id == "trainer_consumer" ........................ skipped
* def consumer_url = response.base_uri .................................... skipped
* print consumer_url ...................................................... skipped
Given url "http://10.0.0.60:8082" ......................................... passed
Given path "/consumers/my-consumer-group/instances/trainer_consumer/subscription" . passed
And request ............................................................... passed
And header Content-Type = "application/vnd.kafka.v2+json" ................. passed
When method post .......................................................... passed
Then status 204 ........................................................... passed
Given url "http://10.0.0.60:8082" ......................................... passed
Given path "/consumers/my-consumer-group/instances/trainer_consumer/subscription" . passed
And header Accept = "application/vnd.kafka.v2+json" ....................... passed
When method get ........................................................... passed
Then status 200 ........................................................... passed
* print response .......................................................... passed
* assert response.topics[0] == "trainer_topic" ............................ passed
Given url "http://10.0.0.60:8082" ......................................... passed
Given path "/consumers/my-consumer-group/instances/trainer_consumer/records" . passed
And param timeout = 3000 .................................................. passed
And param max_bytes = 300000 .............................................. passed
And header Accept = "application/vnd.kafka.json.v2+json" .................. passed
When method get ........................................................... passed
Then status 200 ........................................................... passed
* print response .......................................................... passed</system-out>
  </testcase>
  <testcase classname="src.test.java.com.wellsfargo.featurefiles.karate24_kafka3" name="Getting assigned Assignments" time="0.1258">
    <system-out>Given url "http://10.0.0.60:8082" ......................................... passed
Given path "/consumers/my-consumer-group" ................................. passed
And request ............................................................... passed
And header Content-Type = "application/vnd.kafka.json.v2+json" ............ passed
When method post .......................................................... passed
Then status 200 ........................................................... failed

Stack Trace:
com.intuit.karate.exception.KarateException: karate24_kafka3.feature:20 - status code was: 409, expected: 200, response time: 99, url: http://10.0.0.60:8082/consumers/my-consumer-group, response: {"error_code":40902,"message":"Consumer with specified consumer ID already exists in the specified consumer group."}&#13;
	at ✽.Then status 200 (karate24_kafka3.feature:20)&#13;

* print response .......................................................... skipped
* match response.instance_id == "trainer_consumer" ........................ skipped
* def consumer_url = response.base_uri .................................... skipped
* print consumer_url ...................................................... skipped
Given url "http://10.0.0.60:8082" ......................................... passed
Given path "/consumers/my-consumer-group/instances/trainer_consumer/subscription" . passed
And request ............................................................... passed
And header Content-Type = "application/vnd.kafka.v2+json" ................. passed
When method post .......................................................... passed
Then status 204 ........................................................... passed
Given url "http://10.0.0.60:8082" ......................................... passed
Given path "/consumers/my-consumer-group/instances/trainer_consumer/subscription" . passed
And header Accept = "application/vnd.kafka.v2+json" ....................... passed
When method get ........................................................... passed
Then status 200 ........................................................... passed
* print response .......................................................... passed
* assert response.topics[0] == "trainer_topic" ............................ passed
Given url "http://10.0.0.60:8082" ......................................... passed
Given path "/consumers/my-consumer-group/instances/trainer_consumer/records" . passed
And param timeout = 3000 .................................................. passed
And param max_bytes = 300000 .............................................. passed
And header Accept = "application/vnd.kafka.json.v2+json" .................. passed
When method get ........................................................... passed
Then status 200 ........................................................... passed
* print response .......................................................... passed
Given url "http://10.0.0.60:8082" ......................................... passed
Given path "/consumers/my-consumer-group/instances/trainer_consumer/assignments" . passed
And header Accept = "application/vnd.kafka.v2+json" ....................... passed
When method get ........................................................... passed
Then status 200 ........................................................... passed
* print response .......................................................... passed
* assert response.partitions[0].topic == "trainer_topic" .................. passed</system-out>
  </testcase>
  <testcase classname="src.test.java.com.wellsfargo.featurefiles.karate24_kafka3" name="Deleting assigned subscription" time="0.02441">
    <system-out>Given url "http://10.0.0.60:8082" ......................................... passed
Given path "/consumers/my-consumer-group" ................................. passed
And request ............................................................... passed
And header Content-Type = "application/vnd.kafka.json.v2+json" ............ passed
When method post .......................................................... passed
Then status 200 ........................................................... failed

Stack Trace:
com.intuit.karate.exception.KarateException: karate24_kafka3.feature:20 - status code was: 409, expected: 200, response time: 99, url: http://10.0.0.60:8082/consumers/my-consumer-group, response: {"error_code":40902,"message":"Consumer with specified consumer ID already exists in the specified consumer group."}&#13;
	at ✽.Then status 200 (karate24_kafka3.feature:20)&#13;

* print response .......................................................... skipped
* match response.instance_id == "trainer_consumer" ........................ skipped
* def consumer_url = response.base_uri .................................... skipped
* print consumer_url ...................................................... skipped
Given url "http://10.0.0.60:8082" ......................................... passed
Given path "/consumers/my-consumer-group/instances/trainer_consumer/subscription" . passed
And request ............................................................... passed
And header Content-Type = "application/vnd.kafka.v2+json" ................. passed
When method post .......................................................... passed
Then status 204 ........................................................... passed
Given url "http://10.0.0.60:8082" ......................................... passed
Given path "/consumers/my-consumer-group/instances/trainer_consumer/subscription" . passed
And header Accept = "application/vnd.kafka.v2+json" ....................... passed
When method get ........................................................... passed
Then status 200 ........................................................... passed
* print response .......................................................... passed
* assert response.topics[0] == "trainer_topic" ............................ passed
Given url "http://10.0.0.60:8082" ......................................... passed
Given path "/consumers/my-consumer-group/instances/trainer_consumer/records" . passed
And param timeout = 3000 .................................................. passed
And param max_bytes = 300000 .............................................. passed
And header Accept = "application/vnd.kafka.json.v2+json" .................. passed
When method get ........................................................... passed
Then status 200 ........................................................... passed
* print response .......................................................... passed
Given url "http://10.0.0.60:8082" ......................................... passed
Given path "/consumers/my-consumer-group/instances/trainer_consumer/assignments" . passed
And header Accept = "application/vnd.kafka.v2+json" ....................... passed
When method get ........................................................... passed
Then status 200 ........................................................... passed
* print response .......................................................... passed
* assert response.partitions[0].topic == "trainer_topic" .................. passed
Given url "http://10.0.0.60:8082" ......................................... passed
Given path "/consumers/my-consumer-group/instances/trainer_consumer/subscription" . passed
And header Accept = "application/vnd.kafka.v2+json" ....................... passed
When method delete ........................................................ passed
Then status 204 ........................................................... passed</system-out>
  </testcase>
  <testcase classname="src.test.java.com.wellsfargo.featurefiles.karate24_kafka3" name="Deleting consumer" time="0.040682">
    <system-out>Given url "http://10.0.0.60:8082" ......................................... passed
Given path "/consumers/my-consumer-group" ................................. passed
And request ............................................................... passed
And header Content-Type = "application/vnd.kafka.json.v2+json" ............ passed
When method post .......................................................... passed
Then status 200 ........................................................... failed

Stack Trace:
com.intuit.karate.exception.KarateException: karate24_kafka3.feature:20 - status code was: 409, expected: 200, response time: 99, url: http://10.0.0.60:8082/consumers/my-consumer-group, response: {"error_code":40902,"message":"Consumer with specified consumer ID already exists in the specified consumer group."}&#13;
	at ✽.Then status 200 (karate24_kafka3.feature:20)&#13;

* print response .......................................................... skipped
* match response.instance_id == "trainer_consumer" ........................ skipped
* def consumer_url = response.base_uri .................................... skipped
* print consumer_url ...................................................... skipped
Given url "http://10.0.0.60:8082" ......................................... passed
Given path "/consumers/my-consumer-group/instances/trainer_consumer/subscription" . passed
And request ............................................................... passed
And header Content-Type = "application/vnd.kafka.v2+json" ................. passed
When method post .......................................................... passed
Then status 204 ........................................................... passed
Given url "http://10.0.0.60:8082" ......................................... passed
Given path "/consumers/my-consumer-group/instances/trainer_consumer/subscription" . passed
And header Accept = "application/vnd.kafka.v2+json" ....................... passed
When method get ........................................................... passed
Then status 200 ........................................................... passed
* print response .......................................................... passed
* assert response.topics[0] == "trainer_topic" ............................ passed
Given url "http://10.0.0.60:8082" ......................................... passed
Given path "/consumers/my-consumer-group/instances/trainer_consumer/records" . passed
And param timeout = 3000 .................................................. passed
And param max_bytes = 300000 .............................................. passed
And header Accept = "application/vnd.kafka.json.v2+json" .................. passed
When method get ........................................................... passed
Then status 200 ........................................................... passed
* print response .......................................................... passed
Given url "http://10.0.0.60:8082" ......................................... passed
Given path "/consumers/my-consumer-group/instances/trainer_consumer/assignments" . passed
And header Accept = "application/vnd.kafka.v2+json" ....................... passed
When method get ........................................................... passed
Then status 200 ........................................................... passed
* print response .......................................................... passed
* assert response.partitions[0].topic == "trainer_topic" .................. passed
Given url "http://10.0.0.60:8082" ......................................... passed
Given path "/consumers/my-consumer-group/instances/trainer_consumer/subscription" . passed
And header Accept = "application/vnd.kafka.v2+json" ....................... passed
When method delete ........................................................ passed
Then status 204 ........................................................... passed
Given url "http://10.0.0.60:8082" ......................................... passed
Given path "/consumers/my-consumer-group/instances/trainer_consumer" ...... passed
And header Accept = "application/vnd.kafka.v2+json" ....................... passed
When method delete ........................................................ passed
Then status 204 ........................................................... passed</system-out>
  </testcase>
  <testcase classname="src.test.java.com.wellsfargo.featurefiles.karate24_kafka3" name="Deleting consumer - Negative Test Case" time="0.039139">
    <system-out>Given url "http://10.0.0.60:8082" ......................................... passed
Given path "/consumers/my-consumer-group" ................................. passed
And request ............................................................... passed
And header Content-Type = "application/vnd.kafka.json.v2+json" ............ passed
When method post .......................................................... passed
Then status 200 ........................................................... failed

Stack Trace:
com.intuit.karate.exception.KarateException: karate24_kafka3.feature:20 - status code was: 409, expected: 200, response time: 99, url: http://10.0.0.60:8082/consumers/my-consumer-group, response: {"error_code":40902,"message":"Consumer with specified consumer ID already exists in the specified consumer group."}&#13;
	at ✽.Then status 200 (karate24_kafka3.feature:20)&#13;

* print response .......................................................... skipped
* match response.instance_id == "trainer_consumer" ........................ skipped
* def consumer_url = response.base_uri .................................... skipped
* print consumer_url ...................................................... skipped
Given url "http://10.0.0.60:8082" ......................................... passed
Given path "/consumers/my-consumer-group/instances/trainer_consumer/subscription" . passed
And request ............................................................... passed
And header Content-Type = "application/vnd.kafka.v2+json" ................. passed
When method post .......................................................... passed
Then status 204 ........................................................... passed
Given url "http://10.0.0.60:8082" ......................................... passed
Given path "/consumers/my-consumer-group/instances/trainer_consumer/subscription" . passed
And header Accept = "application/vnd.kafka.v2+json" ....................... passed
When method get ........................................................... passed
Then status 200 ........................................................... passed
* print response .......................................................... passed
* assert response.topics[0] == "trainer_topic" ............................ passed
Given url "http://10.0.0.60:8082" ......................................... passed
Given path "/consumers/my-consumer-group/instances/trainer_consumer/records" . passed
And param timeout = 3000 .................................................. passed
And param max_bytes = 300000 .............................................. passed
And header Accept = "application/vnd.kafka.json.v2+json" .................. passed
When method get ........................................................... passed
Then status 200 ........................................................... passed
* print response .......................................................... passed
Given url "http://10.0.0.60:8082" ......................................... passed
Given path "/consumers/my-consumer-group/instances/trainer_consumer/assignments" . passed
And header Accept = "application/vnd.kafka.v2+json" ....................... passed
When method get ........................................................... passed
Then status 200 ........................................................... passed
* print response .......................................................... passed
* assert response.partitions[0].topic == "trainer_topic" .................. passed
Given url "http://10.0.0.60:8082" ......................................... passed
Given path "/consumers/my-consumer-group/instances/trainer_consumer/subscription" . passed
And header Accept = "application/vnd.kafka.v2+json" ....................... passed
When method delete ........................................................ passed
Then status 204 ........................................................... passed
Given url "http://10.0.0.60:8082" ......................................... passed
Given path "/consumers/my-consumer-group/instances/trainer_consumer" ...... passed
And header Accept = "application/vnd.kafka.v2+json" ....................... passed
When method delete ........................................................ passed
Then status 204 ........................................................... passed
Given url "http://10.0.0.60:8082" ......................................... passed
Given path "/consumers/my-consumer-group/instances/trainer_consumer" ...... passed
And header Accept = "application/vnd.kafka.v2+json" ....................... passed
When method delete ........................................................ passed
Then status 404 ........................................................... passed
* assert response.message == "Consumer instance not found." ............... passed</system-out>
  </testcase>
</testsuite>
