<testsuite failures="0" name="src/test/java/com/wellsfargo/featurefiles/karate12_rest.feature" skipped="0" tests="3" time="2.835364">
  <testcase classname="src.test.java.com.wellsfargo.featurefiles.karate12_rest" name="Rest TestCase 1" time="1.949638">
    <system-out>Given url "https://www.w3schools.com/xml/tempconvert.asmx/CelsiusToFahrenheit" . passed
And header Content-Type = "application/x-www-form-urlencoded" ............. passed
And request "Celsius=40" .................................................. passed
When method post .......................................................... passed
Then status 200 ........................................................... passed
* match response //string == 104 .......................................... passed</system-out>
  </testcase>
  <testcase classname="src.test.java.com.wellsfargo.featurefiles.karate12_rest" name="Rest TestCase 1" time="0.439588">
    <system-out>Given url "https://www.w3schools.com/xml/tempconvert.asmx/CelsiusToFahrenheit" . passed
And header Content-Type = "application/x-www-form-urlencoded" ............. passed
And request "Celsius=40" .................................................. passed
When method post .......................................................... passed
Then status 200 ........................................................... passed
* match response //string == 104 .......................................... passed
Given url "https://www.w3schools.com/xml/tempconvert.asmx/CelsiusToFahrenheit" . passed
And header Content-Type = "application/x-www-form-urlencoded" ............. passed
And request "Celsius=37" .................................................. passed
When method post .......................................................... passed
Then status 200 ........................................................... passed
* match response //string == 98.6 ......................................... passed</system-out>
  </testcase>
  <testcase classname="src.test.java.com.wellsfargo.featurefiles.karate12_rest" name="Rest TestCase 1" time="0.446137">
    <system-out>Given url "https://www.w3schools.com/xml/tempconvert.asmx/CelsiusToFahrenheit" . passed
And header Content-Type = "application/x-www-form-urlencoded" ............. passed
And request "Celsius=40" .................................................. passed
When method post .......................................................... passed
Then status 200 ........................................................... passed
* match response //string == 104 .......................................... passed
Given url "https://www.w3schools.com/xml/tempconvert.asmx/CelsiusToFahrenheit" . passed
And header Content-Type = "application/x-www-form-urlencoded" ............. passed
And request "Celsius=37" .................................................. passed
When method post .......................................................... passed
Then status 200 ........................................................... passed
* match response //string == 98.6 ......................................... passed
Given url "https://www.w3schools.com/xml/tempconvert.asmx/CelsiusToFahrenheit" . passed
And header Content-Type = "application/x-www-form-urlencoded" ............. passed
And request "Celsius=abc" ................................................. passed
When method post .......................................................... passed
Then status 200 ........................................................... passed
* match response //string == "Error" ...................................... passed</system-out>
  </testcase>
</testsuite>
