<testsuite failures="0" name="src/test/java/com/wellsfargo/featurefiles/karate16_javaclasscall.feature" skipped="0" tests="2" time="0.223067">
  <testcase classname="src.test.java.com.wellsfargo.featurefiles.karate16_javaclasscall" name="java static method call TestCase 1" time="0.192522">
    <system-out>* def result1 = ........................................................... passed
* print result1() ......................................................... passed</system-out>
  </testcase>
  <testcase classname="src.test.java.com.wellsfargo.featurefiles.karate16_javaclasscall" name="java non static method call TestCase 2" time="0.030545">
    <system-out>* def result1 = ........................................................... passed
* print result1() ......................................................... passed
* def result1 = ........................................................... passed
* print result1() ......................................................... passed</system-out>
  </testcase>
</testsuite>
