<testsuite failures="0" name="src/test/java/com/wellsfargo/featurefiles/karate07_readfromfile.feature" skipped="0" tests="1" time="1.487363">
  <testcase classname="src.test.java.com.wellsfargo.featurefiles.karate07_readfromfile" name="Test scenario from external file system" time="1.487363">
    <system-out>* def xml = read("tempconvertInput.xml") .................................. passed
* print xml ............................................................... passed
* match xml contains 37 ................................................... passed
* match xml //CelsiusToFahrenheit/Celsius == 37 ........................... passed</system-out>
  </testcase>
</testsuite>
