<testsuite failures="0" name="src/test/java/com/wellsfargo/featurefiles/karate09Rest.feature" skipped="0" tests="1" time="2.630365">
  <testcase classname="src.test.java.com.wellsfargo.featurefiles.karate09Rest" name="Rest TestCase 1" time="2.630365">
    <system-out>Given url "https://www.w3schools.com/xml/tempconvert.asmx/CelsiusToFahrenheit" . passed
And header Content-Type = "application/x-www-form-urlencoded" ............. passed
And request "Celsius=40" .................................................. passed
When method post .......................................................... passed
Then status 200 ........................................................... passed
* print responseHeaders ................................................... passed
* print response .......................................................... passed
* match response //string == 104 .......................................... passed</system-out>
  </testcase>
</testsuite>
