<testsuite failures="0" name="src/test/java/com/wellsfargo/featurefiles/karate02.feature" skipped="0" tests="2" time="0.415987">
  <testcase classname="src.test.java.com.wellsfargo.featurefiles.karate02" name="Karate TestCase 1" time="0.399358">
    <system-out>Given def json = { "id" : "101", "tool": { "name":"Karate", "version":"0.9.6"}} . passed
* print json .............................................................. passed
* print json.id ........................................................... passed
* print json.tool.name .................................................... passed
* assert json.id == "101" ................................................. passed
* assert json.tool.name == "Karate" ....................................... passed</system-out>
  </testcase>
  <testcase classname="src.test.java.com.wellsfargo.featurefiles.karate02" name="Karate TestCase 2" time="0.016629">
    <system-out>Given def json = { "id" : "101", "tool": { "name":"Karate", "version":"0.9.6"}} . passed
* print json .............................................................. passed
* print json.id ........................................................... passed
* print json.tool.name .................................................... passed
* assert json.id == "101" ................................................. passed
* assert json.tool.name == "Karate" ....................................... passed
Given def json = .......................................................... passed
* print json .............................................................. passed
* print json.id ........................................................... passed
* print json.tool.name .................................................... passed
* assert json.id == "101" ................................................. passed
* assert json.tool.name == "Karate" ....................................... passed
* match  json.tool == {"name":"Karate", "version":"0.9.6"} ................ passed</system-out>
  </testcase>
</testsuite>
